orlis/open_source_benchmarks/apps/co.loubo.icicle_4_src.tar.gz/app/build/outputs/mapping/release/seeds.txt
co.loubo.icicle.BuildConfig
co.loubo.icicle.BuildConfig: BuildConfig()
co.loubo.icicle.ComposeMessageActivity
co.loubo.icicle.ComposeMessageActivity: ComposeMessageActivity()
co.loubo.icicle.ComposeMessageActivity: void onCreate(android.os.Bundle)
co.loubo.icicle.ComposeMessageActivity: boolean onCreateOptionsMenu(android.view.Menu)
co.loubo.icicle.ComposeMessageActivity: boolean onOptionsItemSelected(android.view.MenuItem)
co.loubo.icicle.ComposeMessageActivity: void handleSendMessage()
co.loubo.icicle.Constants
co.loubo.icicle.Constants: Constants()
co.loubo.icicle.Constants: java.lang.String humanReadableByteCount(long,boolean)
co.loubo.icicle.Constants: void <clinit>()
co.loubo.icicle.Constants$1
co.loubo.icicle.Constants$1: Constants$1()
co.loubo.icicle.Constants$2
co.loubo.icicle.Constants$2: Constants$2()
co.loubo.icicle.Debouncer
co.loubo.icicle.Debouncer: Debouncer(android.os.Handler,int)
co.loubo.icicle.Debouncer: void call(java.lang.Runnable)
co.loubo.icicle.Debouncer: void terminate()
co.loubo.icicle.Debouncer: int access$000(co.loubo.icicle.Debouncer)
co.loubo.icicle.Debouncer: java.util.concurrent.ScheduledExecutorService access$100(co.loubo.icicle.Debouncer)
co.loubo.icicle.Debouncer: android.os.Handler access$200(co.loubo.icicle.Debouncer)
co.loubo.icicle.Debouncer: java.util.concurrent.ConcurrentHashMap access$300(co.loubo.icicle.Debouncer)
co.loubo.icicle.Debouncer$TimerTask
co.loubo.icicle.Debouncer$TimerTask: Debouncer$TimerTask(co.loubo.icicle.Debouncer,java.lang.Runnable)
co.loubo.icicle.Debouncer$TimerTask: boolean extend()
co.loubo.icicle.Debouncer$TimerTask: void run()
co.loubo.icicle.Download
co.loubo.icicle.Download: Download(net.pterodactylus.fcp.PersistentGet)
co.loubo.icicle.Download: net.pterodactylus.fcp.PersistentGet getPersistentGet()
co.loubo.icicle.Download: void setPersistentGet(net.pterodactylus.fcp.PersistentGet)
co.loubo.icicle.Download: void setDataFound(net.pterodactylus.fcp.DataFound)
co.loubo.icicle.Download: net.pterodactylus.fcp.DataFound getDataFound()
co.loubo.icicle.Download: void setGetFailed(net.pterodactylus.fcp.GetFailed)
co.loubo.icicle.Download: net.pterodactylus.fcp.GetFailed getGetFailed()
co.loubo.icicle.FCPService
co.loubo.icicle.FCPService: FCPService()
co.loubo.icicle.FCPService: void onCreate()
co.loubo.icicle.FCPService: int onStartCommand(android.content.Intent,int,int)
co.loubo.icicle.FCPService: android.os.IBinder onBind(android.content.Intent)
co.loubo.icicle.FCPService: void onDestroy()
co.loubo.icicle.FCPService: void updateStatus()
co.loubo.icicle.FCPService: void updatePeers()
co.loubo.icicle.FCPService: co.loubo.icicle.FreenetUtil access$000(co.loubo.icicle.FCPService)
co.loubo.icicle.FCPService: co.loubo.icicle.FreenetUtil access$002(co.loubo.icicle.FCPService,co.loubo.icicle.FreenetUtil)
co.loubo.icicle.FCPService: co.loubo.icicle.FCPService$RefreshThread access$100(co.loubo.icicle.FCPService)
co.loubo.icicle.FCPService: co.loubo.icicle.FCPService$RefreshThread access$102(co.loubo.icicle.FCPService,co.loubo.icicle.FCPService$RefreshThread)
co.loubo.icicle.FCPService$1
co.loubo.icicle.FCPService$1: void <clinit>()
co.loubo.icicle.FCPService$RefreshThread
co.loubo.icicle.FCPService$RefreshThread: FCPService$RefreshThread(co.loubo.icicle.FCPService)
co.loubo.icicle.FCPService$RefreshThread: void run()
co.loubo.icicle.FCPService$RefreshThread: FCPService$RefreshThread(co.loubo.icicle.FCPService,co.loubo.icicle.FCPService$1)
co.loubo.icicle.FCPService$ServiceHandler
co.loubo.icicle.FCPService$ServiceHandler: FCPService$ServiceHandler(co.loubo.icicle.FCPService,android.os.Looper)
co.loubo.icicle.FCPService$ServiceHandler: void handleMessage(android.os.Message)
...
android.support.v4.view.ViewCompatICS
android.support.v4.view.ViewCompatICS: ViewCompatICS()
android.support.v4.view.ViewCompatICS: boolean canScrollHorizontally(android.view.View,int)
android.support.v4.view.ViewCompatICS: boolean canScrollVertically(android.view.View,int)
android.support.v4.view.ViewCompatICS: void setAccessibilityDelegate(android.view.View,java.lang.Object)
android.support.v4.view.ViewCompatICS: void onPopulateAccessibilityEvent(android.view.View,android.view.accessibility.AccessibilityEvent)
android.support.v4.view.ViewCompatICS: void onInitializeAccessibilityEvent(android.view.View,android.view.accessibility.AccessibilityEvent)
android.support.v4.view.ViewCompatICS: void onInitializeAccessibilityNodeInfo(android.view.View,java.lang.Object)
android.support.v4.view.ViewCompatJB
android.support.v4.view.ViewCompatJB: ViewCompatJB()
android.support.v4.view.ViewCompatJB: boolean hasTransientState(android.view.View)
android.support.v4.view.ViewCompatJB: void setHasTransientState(android.view.View,boolean)
android.support.v4.view.ViewCompatJB: void postInvalidateOnAnimation(android.view.View)
android.support.v4.view.ViewCompatJB: void postInvalidateOnAnimation(android.view.View,int,int,int,int)
android.support.v4.view.ViewCompatJB: void postOnAnimation(android.view.View,java.lang.Runnable)
android.support.v4.view.ViewCompatJB: void postOnAnimationDelayed(android.view.View,java.lang.Runnable,long)
android.support.v4.view.ViewCompatJB: int getImportantForAccessibility(android.view.View)
android.support.v4.view.ViewCompatJB: void setImportantForAccessibility(android.view.View,int)
android.support.v4.view.ViewCompatJB: boolean performAccessibilityAction(android.view.View,int,android.os.Bundle)
android.support.v4.view.ViewCompatJB: java.lang.Object getAccessibilityNodeProvider(android.view.View)
android.support.v4.view.ViewCompatJB: android.view.ViewParent getParentForAccessibility(android.view.View)
android.support.v4.view.ViewCompatJB: int getMinimumWidth(android.view.View)
android.support.v4.view.ViewCompatJB: int getMinimumHeight(android.view.View)
android.support.v4.view.ViewCompatJB: void requestApplyInsets(android.view.View)
android.support.v4.view.ViewCompatJB: boolean getFitsSystemWindows(android.view.View)
android.support.v4.view.ViewCompatJellybeanMr1
android.support.v4.view.ViewCompatJellybeanMr1: ViewCompatJellybeanMr1()
android.support.v4.view.ViewCompatJellybeanMr1: int getLabelFor(android.view.View)
android.support.v4.view.ViewCompatJellybeanMr1: void setLabelFor(android.view.View,int)
android.support.v4.view.ViewCompatJellybeanMr1: void setLayerPaint(android.view.View,android.graphics.Paint)
android.support.v4.view.ViewCompatJellybeanMr1: int getLayoutDirection(android.view.View)
android.support.v4.view.ViewCompatJellybeanMr1: void setLayoutDirection(android.view.View,int)
android.support.v4.view.ViewCompatJellybeanMr1: int getPaddingStart(android.view.View)
android.support.v4.view.ViewCompatJellybeanMr1: int getPaddingEnd(android.view.View)
android.support.v4.view.ViewCompatJellybeanMr1: void setPaddingRelative(android.view.View,int,int,int,int)
android.support.v4.view.ViewCompatJellybeanMr1: int getWindowSystemUiVisibility(android.view.View)
android.support.v4.view.ViewCompatKitKat
android.support.v4.view.ViewCompatKitKat: ViewCompatKitKat()
android.support.v4.view.ViewCompatKitKat: int getAccessibilityLiveRegion(android.view.View)
android.support.v4.view.ViewCompatKitKat: void setAccessibilityLiveRegion(android.view.View,int)
android.support.v4.view.ViewConfigurationCompat
android.support.v4.view.ViewConfigurationCompat: ViewConfigurationCompat()
android.support.v4.view.ViewConfigurationCompat: int getScaledPagingTouchSlop(android.view.ViewConfiguration)
android.support.v4.view.ViewConfigurationCompat: boolean hasPermanentMenuKey(android.view.ViewConfiguration)
android.support.v4.view.ViewConfigurationCompat: void <clinit>()