orlis/open_source_benchmarks/apps/co.loubo.icicle_4_src.tar.gz/app/build/outputs/mapping/release/mapping.txt
co.loubo.icicle.ComposeMessageActivity -> co.loubo.icicle.ComposeMessageActivity:
    co.loubo.icicle.GlobalState gs -> n
    android.widget.EditText mMessage -> o
    void <init>() -> <init>
    void onCreate(android.os.Bundle) -> onCreate
    boolean onCreateOptionsMenu(android.view.Menu) -> onCreateOptionsMenu
    boolean onOptionsItemSelected(android.view.MenuItem) -> onOptionsItemSelected
    void handleSendMessage() -> handleSendMessage
co.loubo.icicle.Constants -> co.loubo.icicle.Constants:
    java.lang.Object FNconnected -> a
    java.lang.Object FNbackedoff -> b
    java.lang.String ToastMessage -> c
    java.lang.String MSGRecipientName -> d
    java.lang.String MSGRecipientIdentity -> e
    int numberOfTabs -> f
    int debounceInterval -> g
    java.util.ArrayList TrustValues -> h
    java.util.ArrayList VisibilityValues -> i
    java.lang.String humanReadableByteCount(long,boolean) -> humanReadableByteCount
    void <clinit>() -> <clinit>
co.loubo.icicle.Constants$1 -> co.loubo.icicle.Constants$1:
    void <init>() -> <init>
co.loubo.icicle.Constants$2 -> co.loubo.icicle.Constants$2:
    void <init>() -> <init>
co.loubo.icicle.Debouncer -> co.loubo.icicle.Debouncer:
    java.util.concurrent.ScheduledExecutorService sched -> a
    java.util.concurrent.ConcurrentHashMap delayedMap -> b
    android.os.Handler mFreenetHandler -> c
    int interval -> d
    void <init>(android.os.Handler,int) -> <init>
    void call(java.lang.Runnable) -> call
    int access$000(co.loubo.icicle.Debouncer) -> access$000
    java.util.concurrent.ScheduledExecutorService access$100(co.loubo.icicle.Debouncer) -> access$100
    android.os.Handler access$200(co.loubo.icicle.Debouncer) -> access$200
    java.util.concurrent.ConcurrentHashMap access$300(co.loubo.icicle.Debouncer) -> access$300
co.loubo.icicle.Debouncer$TimerTask -> co.loubo.icicle.Debouncer$TimerTask:
    java.lang.Runnable key -> b
    long dueTime -> c
    java.lang.Object lock -> d
    co.loubo.icicle.Debouncer this$0 -> a
    void <init>(co.loubo.icicle.Debouncer,java.lang.Runnable) -> <init>
    boolean extend() -> extend
    void run() -> run
co.loubo.icicle.Download -> co.loubo.icicle.Download:
    net.pterodactylus.fcp.PersistentGet get -> b
    net.pterodactylus.fcp.DataFound dataFound -> c
    net.pterodactylus.fcp.GetFailed getFailed -> d
    void <init>(net.pterodactylus.fcp.PersistentGet) -> <init>
    net.pterodactylus.fcp.PersistentGet getPersistentGet() -> getPersistentGet
    void setPersistentGet(net.pterodactylus.fcp.PersistentGet) -> setPersistentGet
    void setDataFound(net.pterodactylus.fcp.DataFound) -> setDataFound
    net.pterodactylus.fcp.DataFound getDataFound() -> getDataFound
    void setGetFailed(net.pterodactylus.fcp.GetFailed) -> setGetFailed
    net.pterodactylus.fcp.GetFailed getGetFailed() -> getGetFailed
co.loubo.icicle.FCPService -> co.loubo.icicle.FCPService:
    co.loubo.icicle.FCPService$ServiceHandler mServiceHandler -> d
    co.loubo.icicle.FreenetUtil freenet -> e
    co.loubo.icicle.FCPService$RefreshThread refreshThread -> f
    java.util.concurrent.BlockingQueue queue -> a
    co.loubo.icicle.GlobalState gs -> b
    android.net.ConnectivityManager cm -> c
    void <init>() -> <init>
    void onCreate() -> onCreate
    int onStartCommand(android.content.Intent,int,int) -> onStartCommand
    android.os.IBinder onBind(android.content.Intent) -> onBind
    void onDestroy() -> onDestroy
    void updateStatus() -> updateStatus
    void updatePeers() -> updatePeers
    co.loubo.icicle.FreenetUtil access$000(co.loubo.icicle.FCPService) -> access$000
    co.loubo.icicle.FreenetUtil access$002(co.loubo.icicle.FCPService,co.loubo.icicle.FreenetUtil) -> access$002
    co.loubo.icicle.FCPService$RefreshThread access$100(co.loubo.icicle.FCPService) -> access$100
    co.loubo.icicle.FCPService$RefreshThread access$102(co.loubo.icicle.FCPService,co.loubo.icicle.FCPService$RefreshThread) -> access$102
...
android.support.v4.view.KeyEventCompat$KeyEventVersionImpl -> android.support.v4.view.KeyEventCompat$KeyEventVersionImpl:
    boolean metaStateHasModifiers(int,int) -> metaStateHasModifiers
    boolean metaStateHasNoModifiers(int) -> metaStateHasNoModifiers
android.support.v4.view.KeyEventCompatHoneycomb -> android.support.v4.view.KeyEventCompatHoneycomb:
    int normalizeMetaState(int) -> normalizeMetaState
    boolean metaStateHasModifiers(int,int) -> metaStateHasModifiers
    boolean metaStateHasNoModifiers(int) -> metaStateHasNoModifiers
android.support.v4.view.MarginLayoutParamsCompat -> android.support.v4.view.MarginLayoutParamsCompat:
    android.support.v4.view.MarginLayoutParamsCompat$MarginLayoutParamsCompatImpl IMPL -> a
    int getMarginStart(android.view.ViewGroup$MarginLayoutParams) -> getMarginStart
    int getMarginEnd(android.view.ViewGroup$MarginLayoutParams) -> getMarginEnd
    void <clinit>() -> <clinit>
android.support.v4.view.MarginLayoutParamsCompat$MarginLayoutParamsCompatImpl -> android.support.v4.view.MarginLayoutParamsCompat$MarginLayoutParamsCompatImpl:
    int getMarginStart(android.view.ViewGroup$MarginLayoutParams) -> getMarginStart
    int getMarginEnd(android.view.ViewGroup$MarginLayoutParams) -> getMarginEnd
android.support.v4.view.MarginLayoutParamsCompat$MarginLayoutParamsCompatImplBase -> android.support.v4.view.MarginLayoutParamsCompat$MarginLayoutParamsCompatImplBase:
    void <init>() -> <init>
    int getMarginStart(android.view.ViewGroup$MarginLayoutParams) -> getMarginStart
    int getMarginEnd(android.view.ViewGroup$MarginLayoutParams) -> getMarginEnd
android.support.v4.view.MarginLayoutParamsCompat$MarginLayoutParamsCompatImplJbMr1 -> android.support.v4.view.MarginLayoutParamsCompat$MarginLayoutParamsCompatImplJbMr1:
    void <init>() -> <init>
    int getMarginStart(android.view.ViewGroup$MarginLayoutParams) -> getMarginStart
    int getMarginEnd(android.view.ViewGroup$MarginLayoutParams) -> getMarginEnd
android.support.v4.view.MarginLayoutParamsCompatJellybeanMr1 -> android.support.v4.view.MarginLayoutParamsCompatJellybeanMr1:
    int getMarginStart(android.view.ViewGroup$MarginLayoutParams) -> getMarginStart
    int getMarginEnd(android.view.ViewGroup$MarginLayoutParams) -> getMarginEnd
android.support.v4.view.MenuItemCompat -> android.support.v4.view.MenuItemCompat:
    android.support.v4.view.MenuItemCompat$MenuVersionImpl IMPL -> a
    void setShowAsAction(android.view.MenuItem,int) -> setShowAsAction
    android.view.MenuItem setActionView(android.view.MenuItem,android.view.View) -> setActionView
    android.view.MenuItem setActionView(android.view.MenuItem,int) -> setActionView
    android.view.View getActionView(android.view.MenuItem) -> getActionView
    android.view.MenuItem setActionProvider(android.view.MenuItem,android.support.v4.view.ActionProvider) -> setActionProvider
    boolean expandActionView(android.view.MenuItem) -> expandActionView
    boolean isActionViewExpanded(android.view.MenuItem) -> isActionViewExpanded
    void <clinit>() -> <clinit>
android.support.v4.view.MenuItemCompat$BaseMenuVersionImpl -> android.support.v4.view.MenuItemCompat$BaseMenuVersionImpl:
    void <init>() -> <init>
    void setShowAsAction(android.view.MenuItem,int) -> setShowAsAction
    android.view.MenuItem setActionView(android.view.MenuItem,android.view.View) -> setActionView
    android.view.MenuItem setActionView(android.view.MenuItem,int) -> setActionView
    android.view.View getActionView(android.view.MenuItem) -> getActionView
    boolean expandActionView(android.view.MenuItem) -> expandActionView
    boolean isActionViewExpanded(android.view.MenuItem) -> isActionViewExpanded