orlis/open_source_benchmarks/apps/co.loubo.icicle_4_src.tar.gz/app/build/outputs/mapping/release/usage.txt
co.loubo.icicle.BuildConfig
co.loubo.icicle.Constants:
    public static final int MsgEXIT
    public static final int MsgGetNode
    public static final int MsgGetSSKeypair
    public static final int MsgGetPersistentRequests
    public static final int MsgGetPeers
    public static final int MsgFileUpload
    public static final int MsgAddNoderef
    public static final int MsgUpdatePriority
    public static final int MsgSendTextFeed
    public static final int Activity_File_Upload
    public static final int Activity_Settings
    public static final int Activity_Reference
    public static final int Activity_Messages
    protected static final java.lang.String BROADCAST_UPDATE_STATUS
    protected static final java.lang.String BROADCAST_UPDATE_DOWNLOADS
    protected static final java.lang.String BROADCAST_UPDATE_UPLOADS
    protected static final java.lang.String BROADCAST_UPDATE_PEERS
    public static final java.lang.String LOCAL_NODE_SELECTED
    public static final java.lang.String IS_CONNECTED
    public static final java.lang.String HAS_LOCAL_NODES
    public static final java.lang.String STATUS
    public static final java.lang.String DOWNLOADS
    public static final java.lang.String UPLOADS
    public static final java.lang.String PEERS
    public static final java.lang.String UPLOAD_DIRS
    public static final java.lang.String PREF_LOCAL_NODES
    public static final java.lang.String PREF_FRIEND_NODES
    public static final java.lang.String PREF_ACTIVE_LOCAL_NODE
co.loubo.icicle.Debouncer:
    34:35:public void terminate()
co.loubo.icicle.FreenetAdaptor:
    191:192:public void receviedFinishedCompression(net.pterodactylus.fcp.FcpConnection,net.pterodactylus.fcp.FinishedCompression)
co.loubo.icicle.FreenetMessage:
    35:35:public java.lang.String getRecipient()
    39:40:public void setDate(java.util.Date)
    43:44:public void setMessage(java.lang.String)
    47:48:public void setSender(java.lang.String)
    51:52:public void setRecipient(java.lang.String)
co.loubo.icicle.FriendNode:
    private static final long serialVersionUID
    38:39:public void setIdentity(java.lang.String)
co.loubo.icicle.GlobalState:
    271:271:public net.pterodactylus.fcp.Peer getPeer(int)
    605:617:public void addFinishedCompression(net.pterodactylus.fcp.FinishedCompression)
co.loubo.icicle.ListMessagesFragment:
    112:112:public java.util.concurrent.CopyOnWriteArrayList getValues()
co.loubo.icicle.ListRecipientsFragment:
    148:149:public void notifyDataSetChanged()
    152:152:public java.util.concurrent.CopyOnWriteArrayList getValues()
co.loubo.icicle.LocalNode:
    private static final long serialVersionUID
co.loubo.icicle.NodeStatus:
    private static final long serialVersionUID
co.loubo.icicle.OpenReferenceActivity:
    private static final java.lang.String STATE_TRUST
    private static final java.lang.String STATE_VISIBILITY
co.loubo.icicle.R
co.loubo.icicle.R$anim
co.loubo.icicle.R$array
co.loubo.icicle.R$attr
co.loubo.icicle.R$bool
co.loubo.icicle.R$color
co.loubo.icicle.R$dimen
co.loubo.icicle.R$drawable
co.loubo.icicle.R$id
co.loubo.icicle.R$integer
co.loubo.icicle.R$layout
co.loubo.icicle.R$menu
co.loubo.icicle.R$string
co.loubo.icicle.R$style
co.loubo.icicle.R$styleable
co.loubo.icicle.R$xml
co.loubo.icicle.SlidingTabLayout:
    private static final int TITLE_OFFSET_DIPS
    private static final int TAB_VIEW_PADDING_DIPS
    private static final int TAB_VIEW_TEXT_SIZE_SP
co.loubo.icicle.SlidingTabStrip:
    private static final int DEFAULT_BOTTOM_BORDER_THICKNESS_DIPS
    private static final byte DEFAULT_BOTTOM_BORDER_COLOR_ALPHA
    private static final int SELECTED_INDICATOR_THICKNESS_DIPS
    private static final int DEFAULT_SELECTED_INDICATOR_COLOR
...
android.support.v4.net.TrafficStatsCompat$BaseTrafficStatsCompatImpl
android.support.v4.net.TrafficStatsCompat$BaseTrafficStatsCompatImpl$1
android.support.v4.net.TrafficStatsCompat$BaseTrafficStatsCompatImpl$SocketTags
android.support.v4.net.TrafficStatsCompat$IcsTrafficStatsCompatImpl
android.support.v4.net.TrafficStatsCompat$TrafficStatsCompatImpl
android.support.v4.net.TrafficStatsCompatIcs
android.support.v4.os.AsyncTaskCompat
android.support.v4.os.AsyncTaskCompatHoneycomb
android.support.v4.os.EnvironmentCompat
android.support.v4.os.EnvironmentCompatKitKat
android.support.v4.os.ParcelableCompat:
    26:42:public ParcelableCompat()
android.support.v4.os.ParcelableCompatCreatorHoneycombMR2Stub:
    22:22:ParcelableCompatCreatorHoneycombMR2Stub()
android.support.v4.print.PrintHelper
android.support.v4.print.PrintHelper$1
android.support.v4.print.PrintHelper$OnPrintFinishCallback
android.support.v4.print.PrintHelper$PrintHelperKitkatImpl
android.support.v4.print.PrintHelper$PrintHelperKitkatImpl$1
android.support.v4.print.PrintHelper$PrintHelperKitkatImpl$2
android.support.v4.print.PrintHelper$PrintHelperStubImpl
android.support.v4.print.PrintHelper$PrintHelperVersionImpl
android.support.v4.print.PrintHelperKitkat
android.support.v4.print.PrintHelperKitkat$1
android.support.v4.print.PrintHelperKitkat$2
android.support.v4.print.PrintHelperKitkat$2$1
android.support.v4.print.PrintHelperKitkat$2$1$1
android.support.v4.print.PrintHelperKitkat$OnPrintFinishCallback
android.support.v4.provider.DocumentFile
android.support.v4.provider.DocumentsContractApi19
android.support.v4.provider.DocumentsContractApi21
android.support.v4.provider.RawDocumentFile
android.support.v4.provider.SingleDocumentFile
android.support.v4.provider.TreeDocumentFile
android.support.v4.speech.tts.TextToSpeechICS
android.support.v4.speech.tts.TextToSpeechICSMR1
android.support.v4.speech.tts.TextToSpeechICSMR1$1
android.support.v4.speech.tts.TextToSpeechICSMR1$2
android.support.v4.speech.tts.TextToSpeechICSMR1$UtteranceProgressListenerICSMR1
android.support.v4.text.BidiFormatter
android.support.v4.text.BidiFormatter$1
android.support.v4.text.BidiFormatter$Builder
android.support.v4.text.BidiFormatter$DirectionalityEstimator
android.support.v4.text.ICUCompat:
    21:40:public ICUCompat()
android.support.v4.text.ICUCompatIcs:
    private static final java.lang.String TAG
    24:24:ICUCompatIcs()
android.support.v4.text.TextDirectionHeuristicCompat
android.support.v4.text.TextDirectionHeuristicsCompat
android.support.v4.text.TextDirectionHeuristicsCompat$1
android.support.v4.text.TextDirectionHeuristicsCompat$AnyStrong
android.support.v4.text.TextDirectionHeuristicsCompat$FirstStrong
android.support.v4.text.TextDirectionHeuristicsCompat$TextDirectionAlgorithm
android.support.v4.text.TextDirectionHeuristicsCompat$TextDirectionHeuristicImpl
android.support.v4.text.TextDirectionHeuristicsCompat$TextDirectionHeuristicInternal
android.support.v4.text.TextDirectionHeuristicsCompat$TextDirectionHeuristicLocale
android.support.v4.text.TextUtilsCompat:
    25:25:public TextUtilsCompat()
    34:62:public static java.lang.String htmlEncode(java.lang.String)
android.support.v4.util.ArrayMap:
    61:62:public ArrayMap(int)
    68:69:public ArrayMap(android.support.v4.util.SimpleArrayMap)
    130:130:public boolean containsAll(java.util.Collection)
    151:151:public boolean removeAll(java.util.Collection)
android.support.v4.util.AtomicFile
android.support.v4.util.CircularArray
android.support.v4.util.ContainerHelpers:
    19:19:ContainerHelpers()
    29:29:public static int idealLongArraySize(int)
    65:80:static int binarySearch(long[],int,long)
android.support.v4.util.DebugUtils:
    25:25:public DebugUtils()
android.support.v4.util.LongSparseArray